{"C:\\Users\\ammar\\Desktop\\user\\index.js": {"path":"C:\\Users\\ammar\\Desktop\\user\\index.js","statementMap":{"0":{"start":{"line":1,"column":16},"end":{"line":1,"column":34}},"1":{"start":{"line":2,"column":12},"end":{"line":2,"column":21}},"2":{"start":{"line":3,"column":16},"end":{"line":3,"column":34}},"3":{"start":{"line":5,"column":0},"end":{"line":5,"column":31}},"4":{"start":{"line":6,"column":0},"end":{"line":6,"column":32}},"5":{"start":{"line":7,"column":0},"end":{"line":7,"column":26}},"6":{"start":{"line":8,"column":0},"end":{"line":8,"column":30}},"7":{"start":{"line":10,"column":13},"end":{"line":10,"column":37}},"8":{"start":{"line":11,"column":13},"end":{"line":11,"column":24}},"9":{"start":{"line":12,"column":15},"end":{"line":14,"column":2}},"10":{"start":{"line":13,"column":2},"end":{"line":13,"column":60}},"11":{"start":{"line":16,"column":0},"end":{"line":16,"column":24}}},"fnMap":{"0":{"name":"(anonymous_0)","decl":{"start":{"line":12,"column":38},"end":{"line":12,"column":39}},"loc":{"start":{"line":12,"column":44},"end":{"line":14,"column":1}},"line":12}},"branchMap":{"0":{"loc":{"start":{"line":10,"column":13},"end":{"line":10,"column":37}},"type":"binary-expr","locations":[{"start":{"line":10,"column":13},"end":{"line":10,"column":29}},{"start":{"line":10,"column":33},"end":{"line":10,"column":37}}],"line":10}},"s":{"0":2,"1":2,"2":2,"3":2,"4":2,"5":2,"6":2,"7":2,"8":2,"9":2,"10":2,"11":2},"f":{"0":2},"b":{"0":[2,2]},"_coverageSchema":"1a1c01bbd47fc00a2c39e90264f33305004495a9","hash":"9d6e5df084ffda5b916f90b033646ba4e69caa27"}
,"C:\\Users\\ammar\\Desktop\\user\\middleware\\admin.js": {"path":"C:\\Users\\ammar\\Desktop\\user\\middleware\\admin.js","statementMap":{"0":{"start":{"line":1,"column":0},"end":{"line":4,"column":1}},"1":{"start":{"line":2,"column":4},"end":{"line":2,"column":71}},"2":{"start":{"line":2,"column":26},"end":{"line":2,"column":71}},"3":{"start":{"line":3,"column":4},"end":{"line":3,"column":11}}},"fnMap":{"0":{"name":"(anonymous_0)","decl":{"start":{"line":1,"column":17},"end":{"line":1,"column":18}},"loc":{"start":{"line":1,"column":42},"end":{"line":4,"column":1}},"line":1}},"branchMap":{"0":{"loc":{"start":{"line":2,"column":4},"end":{"line":2,"column":71}},"type":"if","locations":[{"start":{"line":2,"column":4},"end":{"line":2,"column":71}},{"start":{},"end":{}}],"line":2}},"s":{"0":2,"1":0,"2":0,"3":0},"f":{"0":0},"b":{"0":[0,0]},"_coverageSchema":"1a1c01bbd47fc00a2c39e90264f33305004495a9","hash":"f60a458b67ea8084948746f0f58a0d4da02d1162"}
,"C:\\Users\\ammar\\Desktop\\user\\middleware\\async.js": {"path":"C:\\Users\\ammar\\Desktop\\user\\middleware\\async.js","statementMap":{"0":{"start":{"line":1,"column":0},"end":{"line":9,"column":3}},"1":{"start":{"line":2,"column":4},"end":{"line":8,"column":6}},"2":{"start":{"line":3,"column":6},"end":{"line":7,"column":7}},"3":{"start":{"line":4,"column":8},"end":{"line":4,"column":32}},"4":{"start":{"line":6,"column":8},"end":{"line":6,"column":17}}},"fnMap":{"0":{"name":"(anonymous_0)","decl":{"start":{"line":1,"column":17},"end":{"line":1,"column":18}},"loc":{"start":{"line":1,"column":36},"end":{"line":9,"column":3}},"line":1},"1":{"name":"(anonymous_1)","decl":{"start":{"line":2,"column":11},"end":{"line":2,"column":12}},"loc":{"start":{"line":2,"column":37},"end":{"line":8,"column":5}},"line":2}},"branchMap":{},"s":{"0":2,"1":24,"2":8,"3":8,"4":0},"f":{"0":24,"1":8},"b":{},"_coverageSchema":"1a1c01bbd47fc00a2c39e90264f33305004495a9","hash":"05435e0b27af752097b155e2f04ff76744764852"}
,"C:\\Users\\ammar\\Desktop\\user\\middleware\\auth.js": {"path":"C:\\Users\\ammar\\Desktop\\user\\middleware\\auth.js","statementMap":{"0":{"start":{"line":1,"column":12},"end":{"line":1,"column":35}},"1":{"start":{"line":2,"column":15},"end":{"line":2,"column":32}},"2":{"start":{"line":3,"column":15},"end":{"line":3,"column":32}},"3":{"start":{"line":6,"column":16},"end":{"line":6,"column":40}},"4":{"start":{"line":10,"column":2},"end":{"line":10,"column":79}},"5":{"start":{"line":10,"column":14},"end":{"line":10,"column":79}},"6":{"start":{"line":12,"column":2},"end":{"line":18,"column":3}},"7":{"start":{"line":13,"column":20},"end":{"line":13,"column":73}},"8":{"start":{"line":14,"column":4},"end":{"line":14,"column":23}},"9":{"start":{"line":15,"column":4},"end":{"line":15,"column":11}},"10":{"start":{"line":17,"column":4},"end":{"line":17,"column":42}},"11":{"start":{"line":21,"column":0},"end":{"line":21,"column":22}}},"fnMap":{"0":{"name":"auth","decl":{"start":{"line":5,"column":15},"end":{"line":5,"column":19}},"loc":{"start":{"line":5,"column":35},"end":{"line":19,"column":1}},"line":5}},"branchMap":{"0":{"loc":{"start":{"line":10,"column":2},"end":{"line":10,"column":79}},"type":"if","locations":[{"start":{"line":10,"column":2},"end":{"line":10,"column":79}},{"start":{},"end":{}}],"line":10}},"s":{"0":2,"1":2,"2":2,"3":7,"4":7,"5":2,"6":5,"7":5,"8":4,"9":4,"10":1,"11":2},"f":{"0":7},"b":{"0":[2,5]},"_coverageSchema":"1a1c01bbd47fc00a2c39e90264f33305004495a9","hash":"f71ced214d48f2cb3334a23104219b791896b572"}
,"C:\\Users\\ammar\\Desktop\\user\\middleware\\error.js": {"path":"C:\\Users\\ammar\\Desktop\\user\\middleware\\error.js","statementMap":{"0":{"start":{"line":1,"column":16},"end":{"line":1,"column":34}},"1":{"start":{"line":3,"column":0},"end":{"line":8,"column":2}},"2":{"start":{"line":5,"column":4},"end":{"line":5,"column":36}},"3":{"start":{"line":7,"column":4},"end":{"line":7,"column":50}}},"fnMap":{"0":{"name":"(anonymous_0)","decl":{"start":{"line":3,"column":17},"end":{"line":3,"column":18}},"loc":{"start":{"line":3,"column":48},"end":{"line":8,"column":1}},"line":3}},"branchMap":{},"s":{"0":2,"1":2,"2":0,"3":0},"f":{"0":0},"b":{},"_coverageSchema":"1a1c01bbd47fc00a2c39e90264f33305004495a9","hash":"2cb2ce7648727955e604af40e5b4777a50c804f3"}
,"C:\\Users\\ammar\\Desktop\\user\\models\\author.js": {"path":"C:\\Users\\ammar\\Desktop\\user\\models\\author.js","statementMap":{"0":{"start":{"line":1,"column":12},"end":{"line":1,"column":26}},"1":{"start":{"line":2,"column":17},"end":{"line":2,"column":36}},"2":{"start":{"line":4,"column":21},"end":{"line":12,"column":2}},"3":{"start":{"line":14,"column":15},"end":{"line":14,"column":53}},"4":{"start":{"line":17,"column":19},"end":{"line":19,"column":6}},"5":{"start":{"line":20,"column":4},"end":{"line":20,"column":35}},"6":{"start":{"line":23,"column":0},"end":{"line":23,"column":36}},"7":{"start":{"line":24,"column":0},"end":{"line":24,"column":24}},"8":{"start":{"line":25,"column":0},"end":{"line":25,"column":34}}},"fnMap":{"0":{"name":"validateAuthor","decl":{"start":{"line":16,"column":9},"end":{"line":16,"column":23}},"loc":{"start":{"line":16,"column":32},"end":{"line":21,"column":1}},"line":16}},"branchMap":{},"s":{"0":2,"1":2,"2":2,"3":2,"4":0,"5":0,"6":2,"7":2,"8":2},"f":{"0":0},"b":{},"_coverageSchema":"1a1c01bbd47fc00a2c39e90264f33305004495a9","hash":"e62de028ea8f5cc2349efd92df3d64f80ba6d004"}
,"C:\\Users\\ammar\\Desktop\\user\\models\\book.js": {"path":"C:\\Users\\ammar\\Desktop\\user\\models\\book.js","statementMap":{"0":{"start":{"line":1,"column":12},"end":{"line":1,"column":30}},"1":{"start":{"line":2,"column":17},"end":{"line":2,"column":36}},"2":{"start":{"line":4,"column":19},"end":{"line":35,"column":2}},"3":{"start":{"line":37,"column":13},"end":{"line":37,"column":47}},"4":{"start":{"line":40,"column":17},"end":{"line":46,"column":11}},"5":{"start":{"line":47,"column":2},"end":{"line":47,"column":31}},"6":{"start":{"line":50,"column":0},"end":{"line":50,"column":32}},"7":{"start":{"line":51,"column":0},"end":{"line":51,"column":20}},"8":{"start":{"line":52,"column":0},"end":{"line":52,"column":33}}},"fnMap":{"0":{"name":"validateBooks","decl":{"start":{"line":39,"column":9},"end":{"line":39,"column":22}},"loc":{"start":{"line":39,"column":29},"end":{"line":48,"column":1}},"line":39}},"branchMap":{},"s":{"0":2,"1":2,"2":2,"3":2,"4":4,"5":4,"6":2,"7":2,"8":2},"f":{"0":4},"b":{},"_coverageSchema":"1a1c01bbd47fc00a2c39e90264f33305004495a9","hash":"6beed08d3ae2fc4a1c0610248f2ef23539a13858"}
,"C:\\Users\\ammar\\Desktop\\user\\models\\customer.js": {"path":"C:\\Users\\ammar\\Desktop\\user\\models\\customer.js","statementMap":{"0":{"start":{"line":1,"column":12},"end":{"line":1,"column":26}},"1":{"start":{"line":2,"column":17},"end":{"line":2,"column":36}},"2":{"start":{"line":4,"column":23},"end":{"line":20,"column":2}},"3":{"start":{"line":22,"column":17},"end":{"line":22,"column":59}},"4":{"start":{"line":25,"column":17},"end":{"line":29,"column":4}},"5":{"start":{"line":30,"column":2},"end":{"line":30,"column":35}},"6":{"start":{"line":33,"column":0},"end":{"line":33,"column":40}},"7":{"start":{"line":34,"column":0},"end":{"line":34,"column":28}},"8":{"start":{"line":35,"column":0},"end":{"line":35,"column":36}}},"fnMap":{"0":{"name":"validateCustomer","decl":{"start":{"line":24,"column":9},"end":{"line":24,"column":25}},"loc":{"start":{"line":24,"column":36},"end":{"line":31,"column":1}},"line":24}},"branchMap":{},"s":{"0":2,"1":2,"2":2,"3":2,"4":0,"5":0,"6":2,"7":2,"8":2},"f":{"0":0},"b":{},"_coverageSchema":"1a1c01bbd47fc00a2c39e90264f33305004495a9","hash":"2fa354439da679a730d0c749ee84d33d5cf3efe3"}
,"C:\\Users\\ammar\\Desktop\\user\\models\\rental.js": {"path":"C:\\Users\\ammar\\Desktop\\user\\models\\rental.js","statementMap":{"0":{"start":{"line":1,"column":17},"end":{"line":1,"column":36}},"1":{"start":{"line":2,"column":12},"end":{"line":2,"column":30}},"2":{"start":{"line":4,"column":21},"end":{"line":26,"column":2}},"3":{"start":{"line":28,"column":15},"end":{"line":28,"column":53}},"4":{"start":{"line":31,"column":17},"end":{"line":34,"column":4}},"5":{"start":{"line":35,"column":2},"end":{"line":35,"column":33}},"6":{"start":{"line":38,"column":0},"end":{"line":38,"column":35}},"7":{"start":{"line":39,"column":0},"end":{"line":39,"column":24}},"8":{"start":{"line":40,"column":0},"end":{"line":40,"column":36}}},"fnMap":{"0":{"name":"validateRentals","decl":{"start":{"line":30,"column":9},"end":{"line":30,"column":24}},"loc":{"start":{"line":30,"column":33},"end":{"line":36,"column":1}},"line":30}},"branchMap":{},"s":{"0":2,"1":2,"2":2,"3":2,"4":0,"5":0,"6":2,"7":2,"8":2},"f":{"0":0},"b":{},"_coverageSchema":"1a1c01bbd47fc00a2c39e90264f33305004495a9","hash":"06b469116fe0fb79a3b324be72265f4a7d0aeb74"}
,"C:\\Users\\ammar\\Desktop\\user\\models\\user.js": {"path":"C:\\Users\\ammar\\Desktop\\user\\models\\user.js","statementMap":{"0":{"start":{"line":1,"column":12},"end":{"line":1,"column":26}},"1":{"start":{"line":2,"column":12},"end":{"line":2,"column":35}},"2":{"start":{"line":3,"column":15},"end":{"line":3,"column":32}},"3":{"start":{"line":4,"column":17},"end":{"line":4,"column":36}},"4":{"start":{"line":5,"column":27},"end":{"line":5,"column":61}},"5":{"start":{"line":7,"column":19},"end":{"line":29,"column":2}},"6":{"start":{"line":31,"column":0},"end":{"line":37,"column":2}},"7":{"start":{"line":32,"column":16},"end":{"line":35,"column":3}},"8":{"start":{"line":36,"column":2},"end":{"line":36,"column":15}},"9":{"start":{"line":39,"column":13},"end":{"line":39,"column":47}},"10":{"start":{"line":42,"column":17},"end":{"line":55,"column":11}},"11":{"start":{"line":56,"column":2},"end":{"line":56,"column":31}},"12":{"start":{"line":59,"column":0},"end":{"line":59,"column":20}},"13":{"start":{"line":60,"column":0},"end":{"line":60,"column":32}},"14":{"start":{"line":61,"column":0},"end":{"line":61,"column":32}}},"fnMap":{"0":{"name":"(anonymous_0)","decl":{"start":{"line":31,"column":39},"end":{"line":31,"column":40}},"loc":{"start":{"line":31,"column":51},"end":{"line":37,"column":1}},"line":31},"1":{"name":"validateUser","decl":{"start":{"line":41,"column":9},"end":{"line":41,"column":21}},"loc":{"start":{"line":41,"column":28},"end":{"line":57,"column":1}},"line":41}},"branchMap":{},"s":{"0":3,"1":3,"2":3,"3":3,"4":3,"5":3,"6":3,"7":9,"8":9,"9":3,"10":0,"11":0,"12":3,"13":3,"14":3},"f":{"0":9,"1":0},"b":{},"_coverageSchema":"1a1c01bbd47fc00a2c39e90264f33305004495a9","hash":"4a78055ebad7d5d2f5b6bffe5097d6cbe2515ab5"}
,"C:\\Users\\ammar\\Desktop\\user\\routes\\auth.js": {"path":"C:\\Users\\ammar\\Desktop\\user\\routes\\auth.js","statementMap":{"0":{"start":{"line":1,"column":16},"end":{"line":1,"column":34}},"1":{"start":{"line":2,"column":12},"end":{"line":2,"column":26}},"2":{"start":{"line":3,"column":15},"end":{"line":3,"column":32}},"3":{"start":{"line":4,"column":24},"end":{"line":4,"column":54}},"4":{"start":{"line":5,"column":17},"end":{"line":5,"column":42}},"5":{"start":{"line":6,"column":15},"end":{"line":6,"column":31}},"6":{"start":{"line":8,"column":0},"end":{"line":11,"column":2}},"7":{"start":{"line":9,"column":4},"end":{"line":9,"column":60}},"8":{"start":{"line":10,"column":4},"end":{"line":10,"column":11}},"9":{"start":{"line":13,"column":0},"end":{"line":28,"column":4}},"10":{"start":{"line":14,"column":20},"end":{"line":14,"column":38}},"11":{"start":{"line":15,"column":4},"end":{"line":15,"column":69}},"12":{"start":{"line":15,"column":15},"end":{"line":15,"column":69}},"13":{"start":{"line":17,"column":30},"end":{"line":17,"column":38}},"14":{"start":{"line":18,"column":15},"end":{"line":18,"column":42}},"15":{"start":{"line":19,"column":4},"end":{"line":19,"column":72}},"16":{"start":{"line":19,"column":15},"end":{"line":19,"column":72}},"17":{"start":{"line":21,"column":26},"end":{"line":21,"column":71}},"18":{"start":{"line":22,"column":4},"end":{"line":22,"column":81}},"19":{"start":{"line":22,"column":24},"end":{"line":22,"column":81}},"20":{"start":{"line":24,"column":16},"end":{"line":24,"column":40}},"21":{"start":{"line":25,"column":17},"end":{"line":25,"column":41}},"22":{"start":{"line":27,"column":4},"end":{"line":27,"column":20}},"23":{"start":{"line":31,"column":19},"end":{"line":34,"column":6}},"24":{"start":{"line":35,"column":4},"end":{"line":35,"column":33}},"25":{"start":{"line":38,"column":0},"end":{"line":38,"column":24}}},"fnMap":{"0":{"name":"(anonymous_0)","decl":{"start":{"line":8,"column":16},"end":{"line":8,"column":17}},"loc":{"start":{"line":8,"column":36},"end":{"line":11,"column":1}},"line":8},"1":{"name":"(anonymous_1)","decl":{"start":{"line":13,"column":33},"end":{"line":13,"column":34}},"loc":{"start":{"line":13,"column":53},"end":{"line":28,"column":1}},"line":13},"2":{"name":"validate","decl":{"start":{"line":30,"column":9},"end":{"line":30,"column":17}},"loc":{"start":{"line":30,"column":24},"end":{"line":36,"column":1}},"line":30}},"branchMap":{"0":{"loc":{"start":{"line":15,"column":4},"end":{"line":15,"column":69}},"type":"if","locations":[{"start":{"line":15,"column":4},"end":{"line":15,"column":69}},{"start":{},"end":{}}],"line":15},"1":{"loc":{"start":{"line":19,"column":4},"end":{"line":19,"column":72}},"type":"if","locations":[{"start":{"line":19,"column":4},"end":{"line":19,"column":72}},{"start":{},"end":{}}],"line":19},"2":{"loc":{"start":{"line":22,"column":4},"end":{"line":22,"column":81}},"type":"if","locations":[{"start":{"line":22,"column":4},"end":{"line":22,"column":81}},{"start":{},"end":{}}],"line":22}},"s":{"0":2,"1":2,"2":2,"3":2,"4":2,"5":2,"6":2,"7":0,"8":0,"9":2,"10":0,"11":0,"12":0,"13":0,"14":0,"15":0,"16":0,"17":0,"18":0,"19":0,"20":0,"21":0,"22":0,"23":0,"24":0,"25":2},"f":{"0":0,"1":0,"2":0},"b":{"0":[0,0],"1":[0,0],"2":[0,0]},"_coverageSchema":"1a1c01bbd47fc00a2c39e90264f33305004495a9","hash":"44fbdf09fc4ee0c81308dae73bcd8bca09cf583c"}
,"C:\\Users\\ammar\\Desktop\\user\\routes\\authors.js": {"path":"C:\\Users\\ammar\\Desktop\\user\\routes\\authors.js","statementMap":{"0":{"start":{"line":1,"column":16},"end":{"line":1,"column":34}},"1":{"start":{"line":2,"column":19},"end":{"line":2,"column":46}},"2":{"start":{"line":3,"column":21},"end":{"line":3,"column":48}},"3":{"start":{"line":4,"column":24},"end":{"line":4,"column":54}},"4":{"start":{"line":5,"column":15},"end":{"line":5,"column":31}},"5":{"start":{"line":7,"column":0},"end":{"line":10,"column":3}},"6":{"start":{"line":8,"column":2},"end":{"line":8,"column":60}},"7":{"start":{"line":9,"column":2},"end":{"line":9,"column":9}},"8":{"start":{"line":12,"column":0},"end":{"line":25,"column":6}},"9":{"start":{"line":16,"column":4},"end":{"line":22,"column":5}},"10":{"start":{"line":17,"column":21},"end":{"line":19,"column":23}},"11":{"start":{"line":20,"column":6},"end":{"line":20,"column":61}},"12":{"start":{"line":20,"column":19},"end":{"line":20,"column":61}},"13":{"start":{"line":21,"column":6},"end":{"line":21,"column":42}},"14":{"start":{"line":23,"column":19},"end":{"line":23,"column":66}},"15":{"start":{"line":24,"column":4},"end":{"line":24,"column":33}},"16":{"start":{"line":27,"column":0},"end":{"line":39,"column":3}},"17":{"start":{"line":30,"column":22},"end":{"line":30,"column":40}},"18":{"start":{"line":31,"column":4},"end":{"line":31,"column":69}},"19":{"start":{"line":31,"column":15},"end":{"line":31,"column":69}},"20":{"start":{"line":33,"column":21},"end":{"line":33,"column":29}},"21":{"start":{"line":34,"column":19},"end":{"line":34,"column":39}},"22":{"start":{"line":35,"column":4},"end":{"line":35,"column":24}},"23":{"start":{"line":37,"column":4},"end":{"line":37,"column":33}},"24":{"start":{"line":41,"column":0},"end":{"line":41,"column":24}}},"fnMap":{"0":{"name":"(anonymous_0)","decl":{"start":{"line":7,"column":11},"end":{"line":7,"column":12}},"loc":{"start":{"line":7,"column":37},"end":{"line":10,"column":1}},"line":7},"1":{"name":"(anonymous_1)","decl":{"start":{"line":14,"column":18},"end":{"line":14,"column":19}},"loc":{"start":{"line":14,"column":38},"end":{"line":25,"column":3}},"line":14},"2":{"name":"(anonymous_2)","decl":{"start":{"line":29,"column":18},"end":{"line":29,"column":19}},"loc":{"start":{"line":29,"column":38},"end":{"line":38,"column":3}},"line":29}},"branchMap":{"0":{"loc":{"start":{"line":16,"column":4},"end":{"line":22,"column":5}},"type":"if","locations":[{"start":{"line":16,"column":4},"end":{"line":22,"column":5}},{"start":{},"end":{}}],"line":16},"1":{"loc":{"start":{"line":20,"column":6},"end":{"line":20,"column":61}},"type":"if","locations":[{"start":{"line":20,"column":6},"end":{"line":20,"column":61}},{"start":{},"end":{}}],"line":20},"2":{"loc":{"start":{"line":31,"column":4},"end":{"line":31,"column":69}},"type":"if","locations":[{"start":{"line":31,"column":4},"end":{"line":31,"column":69}},{"start":{},"end":{}}],"line":31}},"s":{"0":2,"1":2,"2":2,"3":2,"4":2,"5":2,"6":0,"7":0,"8":2,"9":0,"10":0,"11":0,"12":0,"13":0,"14":0,"15":0,"16":2,"17":0,"18":0,"19":0,"20":0,"21":0,"22":0,"23":0,"24":2},"f":{"0":0,"1":0,"2":0},"b":{"0":[0,0],"1":[0,0],"2":[0,0]},"_coverageSchema":"1a1c01bbd47fc00a2c39e90264f33305004495a9","hash":"66b03a30f09957a69c629aa270ebf64050e3742f"}
,"C:\\Users\\ammar\\Desktop\\user\\routes\\books.js": {"path":"C:\\Users\\ammar\\Desktop\\user\\routes\\books.js","statementMap":{"0":{"start":{"line":1,"column":16},"end":{"line":1,"column":34}},"1":{"start":{"line":2,"column":24},"end":{"line":2,"column":54}},"2":{"start":{"line":3,"column":27},"end":{"line":3,"column":52}},"3":{"start":{"line":4,"column":19},"end":{"line":4,"column":46}},"4":{"start":{"line":5,"column":10},"end":{"line":5,"column":27}},"5":{"start":{"line":6,"column":13},"end":{"line":6,"column":42}},"6":{"start":{"line":7,"column":14},"end":{"line":7,"column":44}},"7":{"start":{"line":8,"column":17},"end":{"line":8,"column":36}},"8":{"start":{"line":10,"column":15},"end":{"line":10,"column":31}},"9":{"start":{"line":12,"column":0},"end":{"line":15,"column":3}},"10":{"start":{"line":13,"column":2},"end":{"line":13,"column":58}},"11":{"start":{"line":14,"column":2},"end":{"line":14,"column":9}},"12":{"start":{"line":17,"column":0},"end":{"line":30,"column":2}},"13":{"start":{"line":19,"column":4},"end":{"line":26,"column":5}},"14":{"start":{"line":20,"column":6},"end":{"line":20,"column":100}},"15":{"start":{"line":20,"column":58},"end":{"line":20,"column":100}},"16":{"start":{"line":21,"column":19},"end":{"line":23,"column":35}},"17":{"start":{"line":24,"column":6},"end":{"line":24,"column":64}},"18":{"start":{"line":24,"column":17},"end":{"line":24,"column":64}},"19":{"start":{"line":25,"column":6},"end":{"line":25,"column":40}},"20":{"start":{"line":27,"column":18},"end":{"line":27,"column":62}},"21":{"start":{"line":28,"column":4},"end":{"line":28,"column":32}},"22":{"start":{"line":32,"column":0},"end":{"line":53,"column":2}},"23":{"start":{"line":36,"column":22},"end":{"line":36,"column":40}},"24":{"start":{"line":37,"column":4},"end":{"line":37,"column":69}},"25":{"start":{"line":37,"column":15},"end":{"line":37,"column":69}},"26":{"start":{"line":42,"column":74},"end":{"line":42,"column":82}},"27":{"start":{"line":43,"column":15},"end":{"line":49,"column":6}},"28":{"start":{"line":50,"column":4},"end":{"line":50,"column":22}},"29":{"start":{"line":51,"column":4},"end":{"line":51,"column":74}},"30":{"start":{"line":55,"column":0},"end":{"line":70,"column":2}},"31":{"start":{"line":59,"column":22},"end":{"line":59,"column":40}},"32":{"start":{"line":60,"column":4},"end":{"line":60,"column":69}},"33":{"start":{"line":60,"column":15},"end":{"line":60,"column":69}},"34":{"start":{"line":62,"column":18},"end":{"line":66,"column":5}},"35":{"start":{"line":67,"column":4},"end":{"line":67,"column":80}},"36":{"start":{"line":67,"column":18},"end":{"line":67,"column":80}},"37":{"start":{"line":68,"column":4},"end":{"line":68,"column":34}},"38":{"start":{"line":72,"column":0},"end":{"line":82,"column":2}},"39":{"start":{"line":77,"column":17},"end":{"line":77,"column":60}},"40":{"start":{"line":78,"column":4},"end":{"line":78,"column":57}},"41":{"start":{"line":78,"column":15},"end":{"line":78,"column":57}},"42":{"start":{"line":79,"column":4},"end":{"line":79,"column":49}},"43":{"start":{"line":80,"column":4},"end":{"line":80,"column":64}},"44":{"start":{"line":84,"column":0},"end":{"line":84,"column":24}}},"fnMap":{"0":{"name":"(anonymous_0)","decl":{"start":{"line":12,"column":11},"end":{"line":12,"column":12}},"loc":{"start":{"line":12,"column":37},"end":{"line":15,"column":1}},"line":12},"1":{"name":"(anonymous_1)","decl":{"start":{"line":17,"column":36},"end":{"line":17,"column":37}},"loc":{"start":{"line":17,"column":56},"end":{"line":29,"column":3}},"line":17},"2":{"name":"(anonymous_2)","decl":{"start":{"line":35,"column":18},"end":{"line":35,"column":19}},"loc":{"start":{"line":35,"column":38},"end":{"line":52,"column":3}},"line":35},"3":{"name":"(anonymous_3)","decl":{"start":{"line":58,"column":18},"end":{"line":58,"column":19}},"loc":{"start":{"line":58,"column":38},"end":{"line":69,"column":3}},"line":58},"4":{"name":"(anonymous_4)","decl":{"start":{"line":75,"column":18},"end":{"line":75,"column":19}},"loc":{"start":{"line":75,"column":38},"end":{"line":81,"column":3}},"line":75}},"branchMap":{"0":{"loc":{"start":{"line":19,"column":4},"end":{"line":26,"column":5}},"type":"if","locations":[{"start":{"line":19,"column":4},"end":{"line":26,"column":5}},{"start":{},"end":{}}],"line":19},"1":{"loc":{"start":{"line":20,"column":6},"end":{"line":20,"column":100}},"type":"if","locations":[{"start":{"line":20,"column":6},"end":{"line":20,"column":100}},{"start":{},"end":{}}],"line":20},"2":{"loc":{"start":{"line":24,"column":6},"end":{"line":24,"column":64}},"type":"if","locations":[{"start":{"line":24,"column":6},"end":{"line":24,"column":64}},{"start":{},"end":{}}],"line":24},"3":{"loc":{"start":{"line":37,"column":4},"end":{"line":37,"column":69}},"type":"if","locations":[{"start":{"line":37,"column":4},"end":{"line":37,"column":69}},{"start":{},"end":{}}],"line":37},"4":{"loc":{"start":{"line":60,"column":4},"end":{"line":60,"column":69}},"type":"if","locations":[{"start":{"line":60,"column":4},"end":{"line":60,"column":69}},{"start":{},"end":{}}],"line":60},"5":{"loc":{"start":{"line":67,"column":4},"end":{"line":67,"column":80}},"type":"if","locations":[{"start":{"line":67,"column":4},"end":{"line":67,"column":80}},{"start":{},"end":{}}],"line":67},"6":{"loc":{"start":{"line":78,"column":4},"end":{"line":78,"column":57}},"type":"if","locations":[{"start":{"line":78,"column":4},"end":{"line":78,"column":57}},{"start":{},"end":{}}],"line":78}},"s":{"0":2,"1":2,"2":2,"3":2,"4":2,"5":2,"6":2,"7":2,"8":2,"9":2,"10":11,"11":11,"12":2,"13":4,"14":3,"15":1,"16":2,"17":2,"18":1,"19":1,"20":1,"21":1,"22":2,"23":4,"24":4,"25":2,"26":2,"27":2,"28":2,"29":2,"30":2,"31":0,"32":0,"33":0,"34":0,"35":0,"36":0,"37":0,"38":2,"39":0,"40":0,"41":0,"42":0,"43":0,"44":2},"f":{"0":11,"1":4,"2":4,"3":0,"4":0},"b":{"0":[3,1],"1":[1,2],"2":[1,1],"3":[2,2],"4":[0,0],"5":[0,0],"6":[0,0]},"_coverageSchema":"1a1c01bbd47fc00a2c39e90264f33305004495a9","hash":"c595d8c175c7ebbc878d98b19963f1272f3f9a5e"}
,"C:\\Users\\ammar\\Desktop\\user\\routes\\customers.js": {"path":"C:\\Users\\ammar\\Desktop\\user\\routes\\customers.js","statementMap":{"0":{"start":{"line":1,"column":16},"end":{"line":1,"column":34}},"1":{"start":{"line":2,"column":10},"end":{"line":2,"column":27}},"2":{"start":{"line":3,"column":31},"end":{"line":3,"column":60}},"3":{"start":{"line":4,"column":24},"end":{"line":4,"column":54}},"4":{"start":{"line":5,"column":15},"end":{"line":5,"column":31}},"5":{"start":{"line":7,"column":0},"end":{"line":10,"column":3}},"6":{"start":{"line":8,"column":4},"end":{"line":8,"column":62}},"7":{"start":{"line":9,"column":4},"end":{"line":9,"column":11}},"8":{"start":{"line":12,"column":0},"end":{"line":21,"column":4}},"9":{"start":{"line":13,"column":20},"end":{"line":13,"column":38}},"10":{"start":{"line":14,"column":4},"end":{"line":14,"column":69}},"11":{"start":{"line":14,"column":15},"end":{"line":14,"column":69}},"12":{"start":{"line":16,"column":34},"end":{"line":16,"column":42}},"13":{"start":{"line":17,"column":21},"end":{"line":17,"column":56}},"14":{"start":{"line":18,"column":4},"end":{"line":18,"column":26}},"15":{"start":{"line":20,"column":4},"end":{"line":20,"column":63}},"16":{"start":{"line":23,"column":0},"end":{"line":23,"column":24}}},"fnMap":{"0":{"name":"(anonymous_0)","decl":{"start":{"line":7,"column":16},"end":{"line":7,"column":17}},"loc":{"start":{"line":7,"column":36},"end":{"line":10,"column":1}},"line":7},"1":{"name":"(anonymous_1)","decl":{"start":{"line":12,"column":33},"end":{"line":12,"column":34}},"loc":{"start":{"line":12,"column":53},"end":{"line":21,"column":1}},"line":12}},"branchMap":{"0":{"loc":{"start":{"line":14,"column":4},"end":{"line":14,"column":69}},"type":"if","locations":[{"start":{"line":14,"column":4},"end":{"line":14,"column":69}},{"start":{},"end":{}}],"line":14}},"s":{"0":2,"1":2,"2":2,"3":2,"4":2,"5":2,"6":0,"7":0,"8":2,"9":0,"10":0,"11":0,"12":0,"13":0,"14":0,"15":0,"16":2},"f":{"0":0,"1":0},"b":{"0":[0,0]},"_coverageSchema":"1a1c01bbd47fc00a2c39e90264f33305004495a9","hash":"14fb2a2761075b197bfccb7e0dbfb8282a952e3a"}
,"C:\\Users\\ammar\\Desktop\\user\\routes\\rentals.js": {"path":"C:\\Users\\ammar\\Desktop\\user\\routes\\rentals.js","statementMap":{"0":{"start":{"line":1,"column":16},"end":{"line":1,"column":34}},"1":{"start":{"line":2,"column":13},"end":{"line":2,"column":28}},"2":{"start":{"line":3,"column":10},"end":{"line":3,"column":27}},"3":{"start":{"line":4,"column":24},"end":{"line":4,"column":54}},"4":{"start":{"line":5,"column":17},"end":{"line":5,"column":42}},"5":{"start":{"line":6,"column":21},"end":{"line":6,"column":50}},"6":{"start":{"line":7,"column":29},"end":{"line":7,"column":56}},"7":{"start":{"line":8,"column":15},"end":{"line":8,"column":31}},"8":{"start":{"line":10,"column":0},"end":{"line":10,"column":41}},"9":{"start":{"line":12,"column":0},"end":{"line":15,"column":3}},"10":{"start":{"line":13,"column":2},"end":{"line":13,"column":60}},"11":{"start":{"line":14,"column":2},"end":{"line":14,"column":9}},"12":{"start":{"line":17,"column":0},"end":{"line":27,"column":4}},"13":{"start":{"line":18,"column":2},"end":{"line":24,"column":3}},"14":{"start":{"line":19,"column":19},"end":{"line":21,"column":32}},"15":{"start":{"line":22,"column":4},"end":{"line":22,"column":77}},"16":{"start":{"line":22,"column":17},"end":{"line":22,"column":77}},"17":{"start":{"line":23,"column":4},"end":{"line":23,"column":40}},"18":{"start":{"line":25,"column":17},"end":{"line":25,"column":36}},"19":{"start":{"line":26,"column":2},"end":{"line":26,"column":31}},"20":{"start":{"line":29,"column":0},"end":{"line":58,"column":4}},"21":{"start":{"line":30,"column":20},"end":{"line":30,"column":38}},"22":{"start":{"line":31,"column":2},"end":{"line":31,"column":67}},"23":{"start":{"line":31,"column":13},"end":{"line":31,"column":67}},"24":{"start":{"line":33,"column":17},"end":{"line":33,"column":68}},"25":{"start":{"line":34,"column":2},"end":{"line":34,"column":65}},"26":{"start":{"line":34,"column":17},"end":{"line":34,"column":65}},"27":{"start":{"line":37,"column":13},"end":{"line":37,"column":55}},"28":{"start":{"line":38,"column":2},"end":{"line":38,"column":57}},"29":{"start":{"line":38,"column":13},"end":{"line":38,"column":57}},"30":{"start":{"line":40,"column":15},"end":{"line":47,"column":4}},"31":{"start":{"line":49,"column":2},"end":{"line":57,"column":3}},"32":{"start":{"line":50,"column":4},"end":{"line":53,"column":13}},"33":{"start":{"line":54,"column":4},"end":{"line":54,"column":63}},"34":{"start":{"line":56,"column":4},"end":{"line":56,"column":17}},"35":{"start":{"line":60,"column":0},"end":{"line":60,"column":24}}},"fnMap":{"0":{"name":"(anonymous_0)","decl":{"start":{"line":12,"column":16},"end":{"line":12,"column":17}},"loc":{"start":{"line":12,"column":36},"end":{"line":15,"column":1}},"line":12},"1":{"name":"(anonymous_1)","decl":{"start":{"line":17,"column":36},"end":{"line":17,"column":37}},"loc":{"start":{"line":17,"column":56},"end":{"line":27,"column":1}},"line":17},"2":{"name":"(anonymous_2)","decl":{"start":{"line":29,"column":33},"end":{"line":29,"column":34}},"loc":{"start":{"line":29,"column":53},"end":{"line":58,"column":1}},"line":29}},"branchMap":{"0":{"loc":{"start":{"line":18,"column":2},"end":{"line":24,"column":3}},"type":"if","locations":[{"start":{"line":18,"column":2},"end":{"line":24,"column":3}},{"start":{},"end":{}}],"line":18},"1":{"loc":{"start":{"line":22,"column":4},"end":{"line":22,"column":77}},"type":"if","locations":[{"start":{"line":22,"column":4},"end":{"line":22,"column":77}},{"start":{},"end":{}}],"line":22},"2":{"loc":{"start":{"line":31,"column":2},"end":{"line":31,"column":67}},"type":"if","locations":[{"start":{"line":31,"column":2},"end":{"line":31,"column":67}},{"start":{},"end":{}}],"line":31},"3":{"loc":{"start":{"line":34,"column":2},"end":{"line":34,"column":65}},"type":"if","locations":[{"start":{"line":34,"column":2},"end":{"line":34,"column":65}},{"start":{},"end":{}}],"line":34},"4":{"loc":{"start":{"line":38,"column":2},"end":{"line":38,"column":57}},"type":"if","locations":[{"start":{"line":38,"column":2},"end":{"line":38,"column":57}},{"start":{},"end":{}}],"line":38}},"s":{"0":2,"1":2,"2":2,"3":2,"4":2,"5":2,"6":2,"7":2,"8":2,"9":2,"10":0,"11":0,"12":2,"13":0,"14":0,"15":0,"16":0,"17":0,"18":0,"19":0,"20":2,"21":0,"22":0,"23":0,"24":0,"25":0,"26":0,"27":0,"28":0,"29":0,"30":0,"31":0,"32":0,"33":0,"34":0,"35":2},"f":{"0":0,"1":0,"2":0},"b":{"0":[0,0],"1":[0,0],"2":[0,0],"3":[0,0],"4":[0,0]},"_coverageSchema":"1a1c01bbd47fc00a2c39e90264f33305004495a9","hash":"31498907b96967a3ae75721a6b2e61bcf4001c9f"}
,"C:\\Users\\ammar\\Desktop\\user\\routes\\users.js": {"path":"C:\\Users\\ammar\\Desktop\\user\\routes\\users.js","statementMap":{"0":{"start":{"line":1,"column":16},"end":{"line":1,"column":34}},"1":{"start":{"line":2,"column":15},"end":{"line":2,"column":32}},"2":{"start":{"line":3,"column":10},"end":{"line":3,"column":27}},"3":{"start":{"line":4,"column":27},"end":{"line":4,"column":52}},"4":{"start":{"line":5,"column":13},"end":{"line":5,"column":42}},"5":{"start":{"line":6,"column":24},"end":{"line":6,"column":54}},"6":{"start":{"line":7,"column":15},"end":{"line":7,"column":31}},"7":{"start":{"line":9,"column":0},"end":{"line":12,"column":3}},"8":{"start":{"line":10,"column":2},"end":{"line":10,"column":57}},"9":{"start":{"line":11,"column":2},"end":{"line":11,"column":9}},"10":{"start":{"line":14,"column":0},"end":{"line":18,"column":4}},"11":{"start":{"line":16,"column":17},"end":{"line":16,"column":71}},"12":{"start":{"line":17,"column":4},"end":{"line":17,"column":19}},"13":{"start":{"line":20,"column":0},"end":{"line":23,"column":4}},"14":{"start":{"line":21,"column":15},"end":{"line":21,"column":53}},"15":{"start":{"line":22,"column":2},"end":{"line":22,"column":17}},"16":{"start":{"line":25,"column":0},"end":{"line":44,"column":3}},"17":{"start":{"line":26,"column":20},"end":{"line":26,"column":38}},"18":{"start":{"line":27,"column":2},"end":{"line":27,"column":67}},"19":{"start":{"line":27,"column":13},"end":{"line":27,"column":67}},"20":{"start":{"line":29,"column":49},"end":{"line":29,"column":57}},"21":{"start":{"line":31,"column":13},"end":{"line":31,"column":42}},"22":{"start":{"line":32,"column":2},"end":{"line":32,"column":67}},"23":{"start":{"line":32,"column":12},"end":{"line":32,"column":67}},"24":{"start":{"line":34,"column":2},"end":{"line":34,"column":58}},"25":{"start":{"line":35,"column":15},"end":{"line":35,"column":39}},"26":{"start":{"line":36,"column":2},"end":{"line":36,"column":57}},"27":{"start":{"line":37,"column":2},"end":{"line":37,"column":20}},"28":{"start":{"line":39,"column":14},"end":{"line":39,"column":38}},"29":{"start":{"line":40,"column":2},"end":{"line":43,"column":47}},"30":{"start":{"line":46,"column":0},"end":{"line":46,"column":24}}},"fnMap":{"0":{"name":"(anonymous_0)","decl":{"start":{"line":9,"column":11},"end":{"line":9,"column":12}},"loc":{"start":{"line":9,"column":37},"end":{"line":12,"column":1}},"line":9},"1":{"name":"(anonymous_1)","decl":{"start":{"line":15,"column":16},"end":{"line":15,"column":17}},"loc":{"start":{"line":15,"column":36},"end":{"line":18,"column":1}},"line":15},"2":{"name":"(anonymous_2)","decl":{"start":{"line":20,"column":32},"end":{"line":20,"column":33}},"loc":{"start":{"line":20,"column":52},"end":{"line":23,"column":1}},"line":20},"3":{"name":"(anonymous_3)","decl":{"start":{"line":25,"column":17},"end":{"line":25,"column":18}},"loc":{"start":{"line":25,"column":37},"end":{"line":44,"column":1}},"line":25}},"branchMap":{"0":{"loc":{"start":{"line":27,"column":2},"end":{"line":27,"column":67}},"type":"if","locations":[{"start":{"line":27,"column":2},"end":{"line":27,"column":67}},{"start":{},"end":{}}],"line":27},"1":{"loc":{"start":{"line":32,"column":2},"end":{"line":32,"column":67}},"type":"if","locations":[{"start":{"line":32,"column":2},"end":{"line":32,"column":67}},{"start":{},"end":{}}],"line":32}},"s":{"0":2,"1":2,"2":2,"3":2,"4":2,"5":2,"6":2,"7":2,"8":0,"9":0,"10":2,"11":0,"12":0,"13":2,"14":0,"15":0,"16":2,"17":0,"18":0,"19":0,"20":0,"21":0,"22":0,"23":0,"24":0,"25":0,"26":0,"27":0,"28":0,"29":0,"30":2},"f":{"0":0,"1":0,"2":0,"3":0},"b":{"0":[0,0],"1":[0,0]},"_coverageSchema":"1a1c01bbd47fc00a2c39e90264f33305004495a9","hash":"4df8ac79dd6095c114112a1d3a29094f2e6f59b7"}
,"C:\\Users\\ammar\\Desktop\\user\\startup\\config.js": {"path":"C:\\Users\\ammar\\Desktop\\user\\startup\\config.js","statementMap":{"0":{"start":{"line":1,"column":15},"end":{"line":1,"column":32}},"1":{"start":{"line":3,"column":0},"end":{"line":7,"column":1}},"2":{"start":{"line":4,"column":4},"end":{"line":6,"column":7}},"3":{"start":{"line":5,"column":8},"end":{"line":5,"column":68}}},"fnMap":{"0":{"name":"(anonymous_0)","decl":{"start":{"line":3,"column":17},"end":{"line":3,"column":18}},"loc":{"start":{"line":3,"column":28},"end":{"line":7,"column":1}},"line":3}},"branchMap":{"0":{"loc":{"start":{"line":4,"column":4},"end":{"line":6,"column":7}},"type":"if","locations":[{"start":{"line":4,"column":4},"end":{"line":6,"column":7}},{"start":{},"end":{}}],"line":4}},"s":{"0":2,"1":2,"2":2,"3":0},"f":{"0":2},"b":{"0":[0,2]},"_coverageSchema":"1a1c01bbd47fc00a2c39e90264f33305004495a9","hash":"1ba362571f8d2ce86c6c49b0e586a9798a2c8847"}
,"C:\\Users\\ammar\\Desktop\\user\\startup\\db.js": {"path":"C:\\Users\\ammar\\Desktop\\user\\startup\\db.js","statementMap":{"0":{"start":{"line":1,"column":15},"end":{"line":1,"column":32}},"1":{"start":{"line":2,"column":17},"end":{"line":2,"column":36}},"2":{"start":{"line":3,"column":16},"end":{"line":3,"column":34}},"3":{"start":{"line":5,"column":0},"end":{"line":8,"column":2}},"4":{"start":{"line":6,"column":13},"end":{"line":6,"column":36}},"5":{"start":{"line":7,"column":2},"end":{"line":7,"column":72}},"6":{"start":{"line":7,"column":34},"end":{"line":7,"column":70}}},"fnMap":{"0":{"name":"(anonymous_0)","decl":{"start":{"line":5,"column":17},"end":{"line":5,"column":18}},"loc":{"start":{"line":5,"column":29},"end":{"line":8,"column":1}},"line":5},"1":{"name":"(anonymous_1)","decl":{"start":{"line":7,"column":28},"end":{"line":7,"column":29}},"loc":{"start":{"line":7,"column":34},"end":{"line":7,"column":70}},"line":7}},"branchMap":{},"s":{"0":2,"1":2,"2":2,"3":2,"4":2,"5":2,"6":2},"f":{"0":2,"1":2},"b":{},"_coverageSchema":"1a1c01bbd47fc00a2c39e90264f33305004495a9","hash":"7cd45cb0e2247939fee6d186f23662053aa02eeb"}
,"C:\\Users\\ammar\\Desktop\\user\\startup\\logging.js": {"path":"C:\\Users\\ammar\\Desktop\\user\\startup\\logging.js","statementMap":{"0":{"start":{"line":1,"column":16},"end":{"line":1,"column":34}},"1":{"start":{"line":2,"column":0},"end":{"line":2,"column":27}},"2":{"start":{"line":3,"column":15},"end":{"line":3,"column":32}},"3":{"start":{"line":4,"column":0},"end":{"line":4,"column":31}},"4":{"start":{"line":6,"column":0},"end":{"line":21,"column":2}},"5":{"start":{"line":7,"column":2},"end":{"line":7,"column":72}},"6":{"start":{"line":8,"column":2},"end":{"line":13,"column":4}},"7":{"start":{"line":14,"column":2},"end":{"line":16,"column":4}},"8":{"start":{"line":18,"column":2},"end":{"line":20,"column":5}},"9":{"start":{"line":19,"column":4},"end":{"line":19,"column":13}}},"fnMap":{"0":{"name":"(anonymous_0)","decl":{"start":{"line":6,"column":17},"end":{"line":6,"column":18}},"loc":{"start":{"line":6,"column":29},"end":{"line":21,"column":1}},"line":6},"1":{"name":"(anonymous_1)","decl":{"start":{"line":18,"column":35},"end":{"line":18,"column":36}},"loc":{"start":{"line":18,"column":43},"end":{"line":20,"column":3}},"line":18}},"branchMap":{},"s":{"0":2,"1":2,"2":2,"3":2,"4":2,"5":2,"6":2,"7":2,"8":2,"9":0},"f":{"0":2,"1":0},"b":{},"_coverageSchema":"1a1c01bbd47fc00a2c39e90264f33305004495a9","hash":"c513c8b7c580f7a2b13ac0795d4aee24a4104e3d"}
,"C:\\Users\\ammar\\Desktop\\user\\startup\\route.js": {"path":"C:\\Users\\ammar\\Desktop\\user\\startup\\route.js","statementMap":{"0":{"start":{"line":1,"column":16},"end":{"line":1,"column":34}},"1":{"start":{"line":2,"column":14},"end":{"line":2,"column":40}},"2":{"start":{"line":3,"column":16},"end":{"line":3,"column":44}},"3":{"start":{"line":4,"column":14},"end":{"line":4,"column":40}},"4":{"start":{"line":5,"column":13},"end":{"line":5,"column":38}},"5":{"start":{"line":6,"column":18},"end":{"line":6,"column":48}},"6":{"start":{"line":7,"column":16},"end":{"line":7,"column":44}},"7":{"start":{"line":8,"column":14},"end":{"line":8,"column":44}},"8":{"start":{"line":10,"column":0},"end":{"line":19,"column":2}},"9":{"start":{"line":11,"column":2},"end":{"line":11,"column":26}},"10":{"start":{"line":12,"column":2},"end":{"line":12,"column":32}},"11":{"start":{"line":13,"column":2},"end":{"line":13,"column":36}},"12":{"start":{"line":14,"column":2},"end":{"line":14,"column":32}},"13":{"start":{"line":15,"column":2},"end":{"line":15,"column":30}},"14":{"start":{"line":16,"column":2},"end":{"line":16,"column":40}},"15":{"start":{"line":17,"column":2},"end":{"line":17,"column":36}},"16":{"start":{"line":18,"column":2},"end":{"line":18,"column":17}}},"fnMap":{"0":{"name":"(anonymous_0)","decl":{"start":{"line":10,"column":17},"end":{"line":10,"column":18}},"loc":{"start":{"line":10,"column":32},"end":{"line":19,"column":1}},"line":10}},"branchMap":{},"s":{"0":2,"1":2,"2":2,"3":2,"4":2,"5":2,"6":2,"7":2,"8":2,"9":2,"10":2,"11":2,"12":2,"13":2,"14":2,"15":2,"16":2},"f":{"0":2},"b":{},"_coverageSchema":"1a1c01bbd47fc00a2c39e90264f33305004495a9","hash":"f4457a4f0c8ec9e088b7533552c2415f9877b854"}
}
